Flow report for binaryToDecimal
Mon Sep 18 16:03:17 2017
Quartus II 64-Bit Version 15.0.2 Build 153 07/15/2015 SJ Web Edition


---------------------
; Table of Contents ;
---------------------
  1. Legal Notice
  2. Flow Summary
  3. Flow Settings
  4. Flow Non-Default Global Settings
  5. Flow Elapsed Time
  6. Flow OS Summary
  7. Flow Log
  8. Flow Messages
  9. Flow Suppressed Messages



----------------
; Legal Notice ;
----------------
Copyright (C) 1991-2015 Altera Corporation. All rights reserved.
Your use of Altera Corporation's design tools, logic functions 
and other software and tools, and its AMPP partner logic 
functions, and any output files from any of the foregoing 
(including device programming or simulation files), and any 
associated documentation or information are expressly subject 
to the terms and conditions of the Altera Program License 
Subscription Agreement, the Altera Quartus II License Agreement,
the Altera MegaCore Function License Agreement, or other 
applicable license agreement, including, without limitation, 
that your use is for the sole purpose of programming logic 
devices manufactured by Altera and sold by Altera or its 
authorized distributors.  Please refer to the applicable 
agreement for further details.



+------------------------------------------------------------------------------+
; Flow Summary                                                                 ;
+---------------------------------+--------------------------------------------+
; Flow Status                     ; Successful - Mon Sep 18 16:03:17 2017      ;
; Quartus II 64-Bit Version       ; 15.0.2 Build 153 07/15/2015 SJ Web Edition ;
; Revision Name                   ; binaryToDecimal                            ;
; Top-level Entity Name           ; binaryToDecimal                            ;
; Family                          ; Cyclone V                                  ;
; Device                          ; 5CSEMA5F31C6                               ;
; Timing Models                   ; Final                                      ;
; Logic utilization (in ALMs)     ; 5 / 32,070 ( < 1 % )                       ;
; Total registers                 ; 0                                          ;
; Total pins                      ; 18 / 457 ( 4 % )                           ;
; Total virtual pins              ; 0                                          ;
; Total block memory bits         ; 0 / 4,065,280 ( 0 % )                      ;
; Total DSP Blocks                ; 0 / 87 ( 0 % )                             ;
; Total HSSI RX PCSs              ; 0                                          ;
; Total HSSI PMA RX Deserializers ; 0                                          ;
; Total HSSI TX PCSs              ; 0                                          ;
; Total HSSI PMA TX Serializers   ; 0                                          ;
; Total PLLs                      ; 0 / 6 ( 0 % )                              ;
; Total DLLs                      ; 0 / 4 ( 0 % )                              ;
+---------------------------------+--------------------------------------------+


+-----------------------------------------+
; Flow Settings                           ;
+-------------------+---------------------+
; Option            ; Setting             ;
+-------------------+---------------------+
; Start date & time ; 09/18/2017 16:02:02 ;
; Main task         ; Compilation         ;
; Revision Name     ; binaryToDecimal     ;
+-------------------+---------------------+


+-------------------------------------------------------------------------------------------------------------------------------+
; Flow Non-Default Global Settings                                                                                              ;
+--------------------------------------+-----------------------------------------+---------------+-------------+----------------+
; Assignment Name                      ; Value                                   ; Default Value ; Entity Name ; Section Id     ;
+--------------------------------------+-----------------------------------------+---------------+-------------+----------------+
; COMPILER_SIGNATURE_ID                ; 176047639220112.150576492103172         ; --            ; --          ; --             ;
; EDA_DESIGN_INSTANCE_NAME             ; NA                                      ; --            ; --          ; BCDTestbench   ;
; EDA_NATIVELINK_SIMULATION_TEST_BENCH ; BCDTestbench                            ; --            ; --          ; eda_simulation ;
; EDA_OUTPUT_DATA_FORMAT               ; Vhdl                                    ; --            ; --          ; eda_simulation ;
; EDA_SIMULATION_TOOL                  ; ModelSim-Altera (VHDL)                  ; <None>        ; --          ; --             ;
; EDA_TEST_BENCH_ENABLE_STATUS         ; TEST_BENCH_MODE                         ; --            ; --          ; eda_simulation ;
; EDA_TEST_BENCH_FILE                  ; simulation/modelsim/binaryToDecimal.vht ; --            ; --          ; BCDTestbench   ;
; EDA_TEST_BENCH_MODULE_NAME           ; BCDTestbench                            ; --            ; --          ; BCDTestbench   ;
; EDA_TEST_BENCH_NAME                  ; BCDTestbench                            ; --            ; --          ; eda_simulation ;
; MAX_CORE_JUNCTION_TEMP               ; 85                                      ; --            ; --          ; --             ;
; MIN_CORE_JUNCTION_TEMP               ; 0                                       ; --            ; --          ; --             ;
; PARTITION_COLOR                      ; 16764057                                ; --            ; --          ; Top            ;
; PARTITION_FITTER_PRESERVATION_LEVEL  ; PLACEMENT_AND_ROUTING                   ; --            ; --          ; Top            ;
; PARTITION_NETLIST_TYPE               ; SOURCE                                  ; --            ; --          ; Top            ;
; POWER_BOARD_THERMAL_MODEL            ; None (CONSERVATIVE)                     ; --            ; --          ; --             ;
; POWER_PRESET_COOLING_SOLUTION        ; 23 MM HEAT SINK WITH 200 LFPM AIRFLOW   ; --            ; --          ; --             ;
; PROJECT_OUTPUT_DIRECTORY             ; output_files                            ; --            ; --          ; --             ;
+--------------------------------------+-----------------------------------------+---------------+-------------+----------------+


+-------------------------------------------------------------------------------------------------------------------------------+
; Flow Elapsed Time                                                                                                             ;
+---------------------------+--------------+-------------------------+---------------------+------------------------------------+
; Module Name               ; Elapsed Time ; Average Processors Used ; Peak Virtual Memory ; Total CPU Time (on all processors) ;
+---------------------------+--------------+-------------------------+---------------------+------------------------------------+
; Analysis & Synthesis      ; 00:00:11     ; 1.0                     ; 796 MB              ; 00:00:22                           ;
; Fitter                    ; 00:00:39     ; 1.0                     ; 1952 MB             ; 00:00:39                           ;
; Assembler                 ; 00:00:10     ; 1.0                     ; 766 MB              ; 00:00:09                           ;
; TimeQuest Timing Analyzer ; 00:00:06     ; 1.0                     ; 1040 MB             ; 00:00:05                           ;
; EDA Netlist Writer        ; 00:00:01     ; 1.0                     ; 674 MB              ; 00:00:01                           ;
; Total                     ; 00:01:07     ; --                      ; --                  ; 00:01:16                           ;
+---------------------------+--------------+-------------------------+---------------------+------------------------------------+


+----------------------------------------------------------------------------------------+
; Flow OS Summary                                                                        ;
+---------------------------+------------------+-----------+------------+----------------+
; Module Name               ; Machine Hostname ; OS Name   ; OS Version ; Processor type ;
+---------------------------+------------------+-----------+------------+----------------+
; Analysis & Synthesis      ; Rorro            ; Windows 7 ; 6.2        ; x86_64         ;
; Fitter                    ; Rorro            ; Windows 7 ; 6.2        ; x86_64         ;
; Assembler                 ; Rorro            ; Windows 7 ; 6.2        ; x86_64         ;
; TimeQuest Timing Analyzer ; Rorro            ; Windows 7 ; 6.2        ; x86_64         ;
; EDA Netlist Writer        ; Rorro            ; Windows 7 ; 6.2        ; x86_64         ;
+---------------------------+------------------+-----------+------------+----------------+


------------
; Flow Log ;
------------
quartus_map --read_settings_files=on --write_settings_files=off binaryToDecimal -c binaryToDecimal
quartus_fit --read_settings_files=off --write_settings_files=off binaryToDecimal -c binaryToDecimal
quartus_asm --read_settings_files=off --write_settings_files=off binaryToDecimal -c binaryToDecimal
quartus_sta binaryToDecimal -c binaryToDecimal
quartus_eda --read_settings_files=off --write_settings_files=off binaryToDecimal -c binaryToDecimal



