Flow report for Lab1b
Fri Sep 29 01:03:58 2017
Quartus II 64-Bit Version 15.0.2 Build 153 07/15/2015 SJ Web Edition


---------------------
; Table of Contents ;
---------------------
  1. Legal Notice
  2. Flow Summary
  3. Flow Settings
  4. Flow Non-Default Global Settings
  5. Flow Elapsed Time
  6. Flow OS Summary
  7. Flow Log
  8. Flow Messages
  9. Flow Suppressed Messages



----------------
; Legal Notice ;
----------------
Copyright (C) 1991-2015 Altera Corporation. All rights reserved.
Your use of Altera Corporation's design tools, logic functions 
and other software and tools, and its AMPP partner logic 
functions, and any output files from any of the foregoing 
(including device programming or simulation files), and any 
associated documentation or information are expressly subject 
to the terms and conditions of the Altera Program License 
Subscription Agreement, the Altera Quartus II License Agreement,
the Altera MegaCore Function License Agreement, or other 
applicable license agreement, including, without limitation, 
that your use is for the sole purpose of programming logic 
devices manufactured by Altera and sold by Altera or its 
authorized distributors.  Please refer to the applicable 
agreement for further details.



+------------------------------------------------------------------------------+
; Flow Summary                                                                 ;
+---------------------------------+--------------------------------------------+
; Flow Status                     ; Successful - Fri Sep 29 01:03:58 2017      ;
; Quartus II 64-Bit Version       ; 15.0.2 Build 153 07/15/2015 SJ Web Edition ;
; Revision Name                   ; Lab1b                                      ;
; Top-level Entity Name           ; Lab1b                                      ;
; Family                          ; Cyclone V                                  ;
; Device                          ; 5CSEMA5F31C6                               ;
; Timing Models                   ; Final                                      ;
; Logic utilization (in ALMs)     ; 7 / 32,070 ( < 1 % )                       ;
; Total registers                 ; 0                                          ;
; Total pins                      ; 20 / 457 ( 4 % )                           ;
; Total virtual pins              ; 0                                          ;
; Total block memory bits         ; 0 / 4,065,280 ( 0 % )                      ;
; Total DSP Blocks                ; 0 / 87 ( 0 % )                             ;
; Total HSSI RX PCSs              ; 0                                          ;
; Total HSSI PMA RX Deserializers ; 0                                          ;
; Total HSSI TX PCSs              ; 0                                          ;
; Total HSSI PMA TX Serializers   ; 0                                          ;
; Total PLLs                      ; 0 / 6 ( 0 % )                              ;
; Total DLLs                      ; 0 / 4 ( 0 % )                              ;
+---------------------------------+--------------------------------------------+


+-----------------------------------------+
; Flow Settings                           ;
+-------------------+---------------------+
; Option            ; Setting             ;
+-------------------+---------------------+
; Start date & time ; 09/29/2017 01:02:56 ;
; Main task         ; Compilation         ;
; Revision Name     ; Lab1b               ;
+-------------------+---------------------+


+----------------------------------------------------------------------------------------------------------------------------------+
; Flow Non-Default Global Settings                                                                                                 ;
+--------------------------------------+---------------------------------------+---------------+------------------+----------------+
; Assignment Name                      ; Value                                 ; Default Value ; Entity Name      ; Section Id     ;
+--------------------------------------+---------------------------------------+---------------+------------------+----------------+
; COMPILER_SIGNATURE_ID                ; 0.150666137515872                     ; --            ; --               ; --             ;
; EDA_DESIGN_INSTANCE_NAME             ; NA                                    ; --            ; --               ; TB1b           ;
; EDA_NATIVELINK_SIMULATION_TEST_BENCH ; TB1b                                  ; --            ; --               ; eda_simulation ;
; EDA_OUTPUT_DATA_FORMAT               ; Vhdl                                  ; --            ; --               ; eda_simulation ;
; EDA_SIMULATION_TOOL                  ; ModelSim-Altera (VHDL)                ; <None>        ; --               ; --             ;
; EDA_TEST_BENCH_ENABLE_STATUS         ; TEST_BENCH_MODE                       ; --            ; --               ; eda_simulation ;
; EDA_TEST_BENCH_FILE                  ; simulation/modelsim/Lab1b.vht         ; --            ; --               ; TB1b           ;
; EDA_TEST_BENCH_MODULE_NAME           ; TB1b                                  ; --            ; --               ; TB1b           ;
; EDA_TEST_BENCH_NAME                  ; TB1b                                  ; --            ; --               ; eda_simulation ;
; MAX_CORE_JUNCTION_TEMP               ; 85                                    ; --            ; --               ; --             ;
; MIN_CORE_JUNCTION_TEMP               ; 0                                     ; --            ; --               ; --             ;
; PARTITION_COLOR                      ; 16764057                              ; --            ; FourBitFullAdder ; Top            ;
; PARTITION_COLOR                      ; 16764057                              ; --            ; --               ; Top            ;
; PARTITION_FITTER_PRESERVATION_LEVEL  ; PLACEMENT_AND_ROUTING                 ; --            ; FourBitFullAdder ; Top            ;
; PARTITION_FITTER_PRESERVATION_LEVEL  ; PLACEMENT_AND_ROUTING                 ; --            ; --               ; Top            ;
; PARTITION_NETLIST_TYPE               ; SOURCE                                ; --            ; FourBitFullAdder ; Top            ;
; PARTITION_NETLIST_TYPE               ; SOURCE                                ; --            ; --               ; Top            ;
; POWER_BOARD_THERMAL_MODEL            ; None (CONSERVATIVE)                   ; --            ; --               ; --             ;
; POWER_PRESET_COOLING_SOLUTION        ; 23 MM HEAT SINK WITH 200 LFPM AIRFLOW ; --            ; --               ; --             ;
; PROJECT_OUTPUT_DIRECTORY             ; output_files                          ; --            ; --               ; --             ;
+--------------------------------------+---------------------------------------+---------------+------------------+----------------+


+-------------------------------------------------------------------------------------------------------------------------------+
; Flow Elapsed Time                                                                                                             ;
+---------------------------+--------------+-------------------------+---------------------+------------------------------------+
; Module Name               ; Elapsed Time ; Average Processors Used ; Peak Virtual Memory ; Total CPU Time (on all processors) ;
+---------------------------+--------------+-------------------------+---------------------+------------------------------------+
; Analysis & Synthesis      ; 00:00:09     ; 1.0                     ; 1055 MB             ; 00:00:23                           ;
; Fitter                    ; 00:00:33     ; 1.0                     ; 1854 MB             ; 00:00:35                           ;
; Assembler                 ; 00:00:08     ; 1.0                     ; 968 MB              ; 00:00:08                           ;
; TimeQuest Timing Analyzer ; 00:00:04     ; 1.0                     ; 1174 MB             ; 00:00:04                           ;
; EDA Netlist Writer        ; 00:00:01     ; 1.0                     ; 1162 MB             ; 00:00:01                           ;
; Total                     ; 00:00:55     ; --                      ; --                  ; 00:01:11                           ;
+---------------------------+--------------+-------------------------+---------------------+------------------------------------+


+---------------------------------------------------------------------------------------------+
; Flow OS Summary                                                                             ;
+---------------------------+------------------+----------------+------------+----------------+
; Module Name               ; Machine Hostname ; OS Name        ; OS Version ; Processor type ;
+---------------------------+------------------+----------------+------------+----------------+
; Analysis & Synthesis      ; rorro-pc         ; Ubuntu 16.04.3 ; 16         ; x86_64         ;
; Fitter                    ; rorro-pc         ; Ubuntu 16.04.3 ; 16         ; x86_64         ;
; Assembler                 ; rorro-pc         ; Ubuntu 16.04.3 ; 16         ; x86_64         ;
; TimeQuest Timing Analyzer ; rorro-pc         ; Ubuntu 16.04.3 ; 16         ; x86_64         ;
; EDA Netlist Writer        ; rorro-pc         ; Ubuntu 16.04.3 ; 16         ; x86_64         ;
+---------------------------+------------------+----------------+------------+----------------+


------------
; Flow Log ;
------------
quartus_map --read_settings_files=on --write_settings_files=off Lab1b -c Lab1b
quartus_fit --read_settings_files=off --write_settings_files=off Lab1b -c Lab1b
quartus_asm --read_settings_files=off --write_settings_files=off Lab1b -c Lab1b
quartus_sta Lab1b -c Lab1b
quartus_eda --read_settings_files=off --write_settings_files=off Lab1b -c Lab1b



